[2025-11-18 20:05:01] [INFO] Equipos obtenidos desde AD: 2
[2025-11-18 20:05:05] [WARNING] Ping fallido: PCCLIENTE → Inactivo
[2025-11-18 20:05:30] [INFO] Equipos obtenidos desde AD: 2
[2025-11-18 20:05:34] [WARNING] Ping fallido: PCCLIENTE → Inactivo
[2025-11-18 20:05:59] [INFO] Equipos obtenidos desde AD: 2
[2025-11-18 20:06:03] [WARNING] Ping fallido: PCCLIENTE → Inactivo
[2025-11-18 20:06:28] [INFO] Equipos obtenidos desde AD: 2
[2025-11-18 20:06:32] [WARNING] Ping fallido: PCCLIENTE → Inactivo
[2025-11-18 20:06:57] [INFO] Equipos obtenidos desde AD: 2
[2025-11-18 20:07:01] [WARNING] Ping fallido: PCCLIENTE → Inactivo
[2025-11-18 20:07:26] [INFO] Equipos obtenidos desde AD: 2
[2025-11-18 20:07:30] [WARNING] Ping fallido: PCCLIENTE → Inactivo
[2025-11-18 20:07:55] [INFO] Equipos obtenidos desde AD: 2
[2025-11-18 20:07:59] [WARNING] Ping fallido: PCCLIENTE → Inactivo
[2025-11-18 20:08:24] [INFO] Equipos obtenidos desde AD: 2
[2025-11-18 20:08:28] [WARNING] Ping fallido: PCCLIENTE → Inactivo
[2025-11-18 20:08:53] [INFO] Equipos obtenidos desde AD: 2
[2025-11-18 20:08:57] [WARNING] Ping fallido: PCCLIENTE → Inactivo
[2025-11-18 20:09:22] [INFO] Equipos obtenidos desde AD: 2
[2025-11-18 20:09:26] [WARNING] Ping fallido: PCCLIENTE → Inactivo
[2025-11-18 20:09:51] [INFO] Equipos obtenidos desde AD: 2
[2025-11-18 20:09:55] [WARNING] Ping fallido: PCCLIENTE → Inactivo
[2025-11-18 20:10:20] [INFO] Equipos obtenidos desde AD: 2
[2025-11-18 20:10:24] [WARNING] Ping fallido: PCCLIENTE → Inactivo
[2025-11-18 20:10:49] [INFO] Equipos obtenidos desde AD: 2
[2025-11-18 20:10:53] [WARNING] Ping fallido: PCCLIENTE → Inactivo
[2025-11-18 20:11:18] [INFO] Equipos obtenidos desde AD: 2
[2025-11-18 20:11:22] [WARNING] Ping fallido: PCCLIENTE → Inactivo
[2025-11-18 20:11:47] [INFO] Equipos obtenidos desde AD: 2
[2025-11-18 20:11:51] [WARNING] Ping fallido: PCCLIENTE → Inactivo
[2025-11-18 20:12:16] [INFO] Equipos obtenidos desde AD: 2
[2025-11-18 20:12:20] [WARNING] Ping fallido: PCCLIENTE → Inactivo
[2025-11-18 20:12:45] [INFO] Equipos obtenidos desde AD: 2
[2025-11-18 20:12:49] [WARNING] Ping fallido: PCCLIENTE → Inactivo
[2025-11-18 20:13:14] [INFO] Equipos obtenidos desde AD: 2
[2025-11-18 20:13:18] [WARNING] Ping fallido: PCCLIENTE → Inactivo
[2025-11-18 20:13:44] [INFO] Equipos obtenidos desde AD: 2
[2025-11-18 20:13:48] [WARNING] Ping fallido: PCCLIENTE → Inactivo
[2025-11-18 20:14:13] [INFO] Equipos obtenidos desde AD: 2
[2025-11-18 20:14:17] [WARNING] Ping fallido: PCCLIENTE → Inactivo
[2025-11-18 20:14:44] [INFO] Equipos obtenidos desde AD: 2
[2025-11-18 20:14:48] [WARNING] Ping fallido: PCCLIENTE → Inactivo
[2025-11-18 20:15:13] [INFO] Equipos obtenidos desde AD: 2
[2025-11-18 20:15:17] [WARNING] Ping fallido: PCCLIENTE → Inactivo
[2025-11-18 20:15:42] [INFO] Equipos obtenidos desde AD: 2
[2025-11-18 20:15:46] [WARNING] Ping fallido: PCCLIENTE → Inactivo
[2025-11-18 20:16:11] [INFO] Equipos obtenidos desde AD: 2
[2025-11-18 20:16:15] [WARNING] Ping fallido: PCCLIENTE → Inactivo
[2025-11-18 20:17:35] [INFO] Equipos obtenidos desde AD: 2
[2025-11-18 20:17:39] [WARNING] Ping fallido: PCCLIENTE → Inactivo
[2025-11-18 20:18:53] [INFO] Equipos obtenidos desde AD: 2
[2025-11-18 20:18:57] [WARNING] Ping fallido: PCCLIENTE → Inactivo
[2025-11-18 20:19:22] [INFO] Equipos obtenidos desde AD: 2
[2025-11-18 20:19:23] [WARNING] Ping fallido: PCCLIENTE → Inactivo
[2025-11-18 20:20:34] [INFO] Equipos obtenidos desde AD: 2
[2025-11-18 20:20:38] [WARNING] Ping fallido: PCCLIENTE → Inactivo
[2025-11-18 20:21:03] [INFO] Equipos obtenidos desde AD: 2
[2025-11-18 20:21:07] [WARNING] Ping fallido: PCCLIENTE → Inactivo
[2025-11-18 20:21:32] [INFO] Equipos obtenidos desde AD: 2
[2025-11-18 20:21:36] [WARNING] Ping fallido: PCCLIENTE → Inactivo
[2025-11-18 20:22:01] [INFO] Equipos obtenidos desde AD: 2
[2025-11-18 20:22:05] [WARNING] Ping fallido: PCCLIENTE → Inactivo
[2025-11-18 20:22:30] [INFO] Equipos obtenidos desde AD: 2
[2025-11-18 20:22:34] [WARNING] Ping fallido: PCCLIENTE → Inactivo
[2025-11-18 20:22:59] [INFO] Equipos obtenidos desde AD: 2
[2025-11-18 20:23:03] [WARNING] Ping fallido: PCCLIENTE → Inactivo
[2025-11-18 20:23:29] [INFO] Equipos obtenidos desde AD: 2
[2025-11-18 20:23:32] [WARNING] Ping fallido: PCCLIENTE → Inactivo
[2025-11-18 20:23:57] [INFO] Equipos obtenidos desde AD: 2
[2025-11-18 20:24:01] [WARNING] Ping fallido: PCCLIENTE → Inactivo
[2025-11-18 20:24:26] [INFO] Equipos obtenidos desde AD: 2
[2025-11-18 20:24:30] [WARNING] Ping fallido: PCCLIENTE → Inactivo
[2025-11-18 20:24:55] [INFO] Equipos obtenidos desde AD: 2
[2025-11-18 20:24:59] [WARNING] Ping fallido: PCCLIENTE → Inactivo
[2025-11-18 20:25:24] [INFO] Equipos obtenidos desde AD: 2
[2025-11-18 20:25:28] [WARNING] Ping fallido: PCCLIENTE → Inactivo
[2025-11-18 20:25:53] [INFO] Equipos obtenidos desde AD: 2
[2025-11-18 20:25:57] [WARNING] Ping fallido: PCCLIENTE → Inactivo
[2025-11-18 20:26:22] [INFO] Equipos obtenidos desde AD: 2
[2025-11-18 20:26:26] [WARNING] Ping fallido: PCCLIENTE → Inactivo
[2025-11-18 20:26:51] [INFO] Equipos obtenidos desde AD: 2
[2025-11-18 20:26:55] [WARNING] Ping fallido: PCCLIENTE → Inactivo
[2025-11-18 20:27:20] [INFO] Equipos obtenidos desde AD: 2
[2025-11-18 20:27:24] [WARNING] Ping fallido: PCCLIENTE → Inactivo
[2025-11-18 20:27:49] [INFO] Equipos obtenidos desde AD: 2
[2025-11-18 20:27:53] [WARNING] Ping fallido: PCCLIENTE → Inactivo
[2025-11-18 20:28:18] [INFO] Equipos obtenidos desde AD: 2
[2025-11-18 20:28:22] [WARNING] Ping fallido: PCCLIENTE → Inactivo
[2025-11-18 20:28:47] [INFO] Equipos obtenidos desde AD: 2
[2025-11-18 20:28:51] [WARNING] Ping fallido: PCCLIENTE → Inactivo
[2025-11-18 20:29:16] [INFO] Equipos obtenidos desde AD: 2
[2025-11-18 20:29:20] [WARNING] Ping fallido: PCCLIENTE → Inactivo
[2025-11-18 20:29:45] [INFO] Equipos obtenidos desde AD: 2
[2025-11-18 20:29:49] [WARNING] Ping fallido: PCCLIENTE → Inactivo
[2025-11-18 20:30:14] [INFO] Equipos obtenidos desde AD: 2
[2025-11-18 20:30:18] [WARNING] Ping fallido: PCCLIENTE → Inactivo
[2025-11-18 20:30:43] [INFO] Equipos obtenidos desde AD: 2
[2025-11-18 20:30:47] [WARNING] Ping fallido: PCCLIENTE → Inactivo
[2025-11-18 20:31:12] [INFO] Equipos obtenidos desde AD: 2
[2025-11-18 20:31:16] [WARNING] Ping fallido: PCCLIENTE → Inactivo
[2025-11-18 20:31:41] [INFO] Equipos obtenidos desde AD: 2
[2025-11-18 20:31:45] [WARNING] Ping fallido: PCCLIENTE → Inactivo
[2025-11-18 20:32:10] [INFO] Equipos obtenidos desde AD: 2
[2025-11-18 20:32:14] [WARNING] Ping fallido: PCCLIENTE → Inactivo
[2025-11-18 20:32:39] [INFO] Equipos obtenidos desde AD: 2
[2025-11-18 20:32:43] [WARNING] Ping fallido: PCCLIENTE → Inactivo
[2025-11-18 20:33:08] [INFO] Equipos obtenidos desde AD: 2
[2025-11-18 20:33:12] [WARNING] Ping fallido: PCCLIENTE → Inactivo
[2025-11-18 20:33:37] [INFO] Equipos obtenidos desde AD: 2
[2025-11-18 20:33:41] [WARNING] Ping fallido: PCCLIENTE → Inactivo
[2025-11-18 20:34:06] [INFO] Equipos obtenidos desde AD: 2
[2025-11-18 20:34:10] [WARNING] Ping fallido: PCCLIENTE → Inactivo
[2025-11-18 20:34:35] [INFO] Equipos obtenidos desde AD: 2
[2025-11-18 20:34:39] [WARNING] Ping fallido: PCCLIENTE → Inactivo
[2025-11-18 20:39:08] [INFO] Equipos obtenidos desde AD: 2
[2025-11-18 20:39:41] [INFO] Equipos obtenidos desde AD: 2
[2025-11-18 20:39:45] [WARNING] Ping fallido: PCCLIENTE → Inactivo
[2025-11-18 20:39:45] [INFO] Estado de PCCLIENTE cambió de Activo a Inactivo
[2025-11-18 20:40:16] [INFO] Equipos obtenidos desde AD: 2
[2025-11-18 20:40:19] [WARNING] Ping fallido: PCCLIENTE → Inactivo
[2025-11-18 20:40:50] [INFO] Equipos obtenidos desde AD: 2
[2025-11-18 20:40:54] [WARNING] Ping fallido: PCCLIENTE → Inactivo
[2025-11-18 20:41:24] [INFO] Equipos obtenidos desde AD: 2
[2025-11-18 20:41:28] [WARNING] Ping fallido: PCCLIENTE → Inactivo
[2025-11-18 20:41:58] [INFO] Equipos obtenidos desde AD: 2
[2025-11-18 20:42:02] [WARNING] Ping fallido: PCCLIENTE → Inactivo
[2025-11-18 20:44:12] [INFO] Equipos obtenidos desde AD: 2
[2025-11-18 20:44:15] [WARNING] Ping fallido: PCCLIENTE → Inactivo
[2025-11-18 20:44:45] [INFO] Equipos obtenidos desde AD: 2
[2025-11-18 20:44:49] [WARNING] Ping fallido: PCCLIENTE → Inactivo
[2025-11-18 20:45:20] [INFO] Equipos obtenidos desde AD: 2
[2025-11-18 20:45:24] [WARNING] Ping fallido: PCCLIENTE → Inactivo
[2025-11-18 20:45:54] [INFO] Equipos obtenidos desde AD: 2
[2025-11-18 20:45:58] [WARNING] Ping fallido: PCCLIENTE → Inactivo
[2025-11-18 20:46:28] [INFO] Equipos obtenidos desde AD: 2
[2025-11-18 20:46:32] [WARNING] Ping fallido: PCCLIENTE → Inactivo
[2025-11-18 20:47:02] [INFO] Equipos obtenidos desde AD: 2
[2025-11-18 20:47:06] [WARNING] Ping fallido: PCCLIENTE → Inactivo
[2025-11-18 20:47:36] [INFO] Equipos obtenidos desde AD: 2
[2025-11-18 20:47:40] [WARNING] Ping fallido: PCCLIENTE → Inactivo
[2025-11-18 20:48:10] [INFO] Equipos obtenidos desde AD: 2
[2025-11-18 20:48:14] [WARNING] Ping fallido: PCCLIENTE → Inactivo
[2025-11-18 20:48:44] [INFO] Equipos obtenidos desde AD: 2
[2025-11-18 20:48:48] [WARNING] Ping fallido: PCCLIENTE → Inactivo
[2025-11-18 20:49:18] [INFO] Equipos obtenidos desde AD: 2
[2025-11-18 20:49:18] [INFO] Estado de PCCLIENTE cambió de Inactivo a Activo
[2025-11-18 20:49:48] [INFO] Equipos obtenidos desde AD: 2
[2025-11-18 20:50:18] [INFO] Equipos obtenidos desde AD: 2
[2025-11-18 20:50:48] [INFO] Equipos obtenidos desde AD: 2
[2025-11-18 20:51:18] [INFO] Equipos obtenidos desde AD: 2
[2025-11-18 20:51:49] [INFO] Equipos obtenidos desde AD: 2
[2025-11-18 20:52:19] [INFO] Equipos obtenidos desde AD: 2
[2025-11-18 20:52:49] [INFO] Equipos obtenidos desde AD: 2
[2025-11-18 20:53:19] [INFO] Equipos obtenidos desde AD: 2
[2025-11-18 20:53:49] [INFO] Equipos obtenidos desde AD: 2
[2025-11-18 20:54:19] [INFO] Equipos obtenidos desde AD: 2
[2025-11-18 20:54:49] [INFO] Equipos obtenidos desde AD: 2
[2025-11-18 20:55:19] [INFO] Equipos obtenidos desde AD: 2
[2025-11-18 20:55:50] [INFO] Equipos obtenidos desde AD: 2
[2025-11-18 20:56:20] [INFO] Equipos obtenidos desde AD: 2
[2025-11-18 20:56:50] [INFO] Equipos obtenidos desde AD: 2
[2025-11-18 20:57:20] [INFO] Equipos obtenidos desde AD: 2
[2025-11-18 20:57:50] [INFO] Equipos obtenidos desde AD: 2
[2025-11-18 20:58:20] [INFO] Equipos obtenidos desde AD: 2
[2025-11-18 20:58:50] [INFO] Equipos obtenidos desde AD: 2
[2025-11-18 20:59:20] [INFO] Equipos obtenidos desde AD: 2
[2025-11-18 20:59:51] [INFO] Equipos obtenidos desde AD: 2
[2025-11-18 21:00:21] [INFO] Equipos obtenidos desde AD: 2
[2025-11-18 21:00:51] [INFO] Equipos obtenidos desde AD: 2
[2025-11-18 21:01:21] [INFO] Equipos obtenidos desde AD: 2
[2025-11-18 21:01:51] [INFO] Equipos obtenidos desde AD: 2
[2025-11-18 21:02:21] [INFO] Equipos obtenidos desde AD: 2
[2025-11-18 21:02:51] [INFO] Equipos obtenidos desde AD: 2
[2025-11-18 21:03:22] [INFO] Equipos obtenidos desde AD: 2
[2025-11-18 21:03:52] [INFO] Equipos obtenidos desde AD: 2
[2025-11-18 21:04:22] [INFO] Equipos obtenidos desde AD: 2
[2025-11-18 21:04:52] [INFO] Equipos obtenidos desde AD: 2
[2025-11-18 21:05:22] [INFO] Equipos obtenidos desde AD: 2
[2025-11-18 21:05:52] [INFO] Equipos obtenidos desde AD: 2
[2025-11-18 21:06:22] [INFO] Equipos obtenidos desde AD: 2
[2025-11-18 21:06:52] [INFO] Equipos obtenidos desde AD: 2
[2025-11-18 21:07:23] [INFO] Equipos obtenidos desde AD: 2
[2025-11-18 21:07:53] [INFO] Equipos obtenidos desde AD: 2
[2025-11-18 21:08:23] [INFO] Equipos obtenidos desde AD: 2
[2025-11-18 21:08:53] [INFO] Equipos obtenidos desde AD: 2
[2025-11-18 21:09:23] [INFO] Equipos obtenidos desde AD: 2
[2025-11-18 21:09:53] [INFO] Equipos obtenidos desde AD: 2
[2025-11-18 21:10:23] [INFO] Equipos obtenidos desde AD: 2
[2025-11-18 21:10:53] [INFO] Equipos obtenidos desde AD: 2
[2025-11-18 21:11:23] [INFO] Equipos obtenidos desde AD: 2
[2025-11-18 21:11:54] [INFO] Equipos obtenidos desde AD: 2
[2025-11-18 21:12:24] [INFO] Equipos obtenidos desde AD: 2
[2025-11-18 21:12:54] [INFO] Equipos obtenidos desde AD: 2
[2025-11-18 21:13:24] [INFO] Equipos obtenidos desde AD: 2
[2025-11-18 21:13:54] [INFO] Equipos obtenidos desde AD: 2
[2025-11-18 21:14:24] [INFO] Equipos obtenidos desde AD: 2
[2025-11-18 21:14:54] [INFO] Equipos obtenidos desde AD: 2
[2025-11-18 21:15:24] [INFO] Equipos obtenidos desde AD: 2
[2025-11-18 21:15:55] [INFO] Equipos obtenidos desde AD: 2
[2025-11-18 21:16:25] [INFO] Equipos obtenidos desde AD: 2
[2025-11-18 21:16:55] [INFO] Equipos obtenidos desde AD: 2
[2025-11-18 21:17:25] [INFO] Equipos obtenidos desde AD: 2
[2025-11-18 21:17:55] [INFO] Equipos obtenidos desde AD: 2
[2025-11-18 21:18:25] [INFO] Equipos obtenidos desde AD: 2
[2025-11-18 21:18:55] [INFO] Equipos obtenidos desde AD: 2
[2025-11-18 21:19:25] [INFO] Equipos obtenidos desde AD: 2
[2025-11-18 21:19:56] [INFO] Equipos obtenidos desde AD: 2
[2025-11-18 21:20:26] [INFO] Equipos obtenidos desde AD: 2
[2025-11-18 21:20:56] [INFO] Equipos obtenidos desde AD: 2
[2025-11-18 21:21:26] [INFO] Equipos obtenidos desde AD: 2
[2025-11-18 21:21:56] [INFO] Equipos obtenidos desde AD: 2
[2025-11-18 21:22:26] [INFO] Equipos obtenidos desde AD: 2
[2025-11-18 21:22:56] [INFO] Equipos obtenidos desde AD: 2
[2025-11-18 21:23:26] [INFO] Equipos obtenidos desde AD: 2
[2025-11-18 21:23:57] [INFO] Equipos obtenidos desde AD: 2
[2025-11-18 21:24:27] [INFO] Equipos obtenidos desde AD: 2
[2025-11-18 21:24:57] [INFO] Equipos obtenidos desde AD: 2
[2025-11-18 21:25:27] [INFO] Equipos obtenidos desde AD: 2
[2025-11-18 21:25:57] [INFO] Equipos obtenidos desde AD: 2
[2025-11-18 21:26:27] [INFO] Equipos obtenidos desde AD: 2
[2025-11-18 21:26:57] [INFO] Equipos obtenidos desde AD: 2
[2025-11-18 21:27:27] [INFO] Equipos obtenidos desde AD: 2
[2025-11-18 21:27:58] [INFO] Equipos obtenidos desde AD: 2
[2025-11-18 21:28:28] [INFO] Equipos obtenidos desde AD: 2
[2025-11-18 21:39:05] [INFO] Equipos obtenidos desde AD: 2
[2025-11-18 21:39:05] [WARNING] Ping fallido: DC → Inactivo
[2025-11-18 21:43:45] [INFO] Equipos obtenidos desde AD: 2
[2025-11-18 21:43:45] [WARNING] Ping fallido: PCCLIENTE → Inactivo
[2025-11-18 21:43:45] [WARNING] Ping fallido: DC → Inactivo
[2025-11-18 21:44:10] [INFO] Equipos obtenidos desde AD: 2
[2025-11-18 21:44:10] [WARNING] Ping fallido: DC → Inactivo
[2025-11-18 21:44:10] [WARNING] Ping fallido: PCCLIENTE → Inactivo
[2025-11-18 21:44:35] [INFO] Equipos obtenidos desde AD: 2
[2025-11-18 21:44:35] [INFO] Estado de PCCLIENTE cambió de Inactivo a Activo
[2025-11-18 21:44:35] [WARNING] Ping fallido: DC → Inactivo
[2025-11-18 21:45:00] [INFO] Equipos obtenidos desde AD: 2
[2025-11-18 21:45:00] [WARNING] Ping fallido: DC → Inactivo
[2025-11-18 21:45:25] [INFO] Equipos obtenidos desde AD: 2
[2025-11-18 21:45:25] [INFO] Estado de DC cambió de Inactivo a Activo
[2025-11-18 21:45:50] [INFO] Equipos obtenidos desde AD: 2
[2025-11-18 21:45:50] [WARNING] Ping fallido: DC → Inactivo
[2025-11-18 21:45:50] [INFO] Estado de DC cambió de Activo a Inactivo
[2025-11-18 21:46:15] [INFO] Equipos obtenidos desde AD: 2
[2025-11-18 21:46:15] [WARNING] Ping fallido: DC → Inactivo
[2025-11-18 21:46:15] [WARNING] Ping fallido: PCCLIENTE → Inactivo
[2025-11-18 21:46:15] [INFO] Estado de PCCLIENTE cambió de Activo a Inactivo
[2025-11-18 21:46:40] [INFO] Equipos obtenidos desde AD: 2
[2025-11-18 21:46:40] [INFO] Estado de DC cambió de Inactivo a Activo
[2025-11-18 21:46:40] [WARNING] Ping fallido: PCCLIENTE → Inactivo
[2025-11-18 21:47:05] [INFO] Equipos obtenidos desde AD: 2
[2025-11-18 21:47:05] [INFO] Estado de PCCLIENTE cambió de Inactivo a Activo
[2025-11-18 21:47:31] [INFO] Equipos obtenidos desde AD: 2
[2025-11-18 21:47:31] [WARNING] Ping fallido: DC → Inactivo
[2025-11-18 21:47:31] [INFO] Estado de DC cambió de Activo a Inactivo
[2025-11-18 21:47:56] [INFO] Equipos obtenidos desde AD: 2
[2025-11-18 21:47:56] [INFO] Estado de DC cambió de Inactivo a Activo
[2025-11-18 21:48:21] [INFO] Equipos obtenidos desde AD: 2
[2025-11-18 21:48:21] [WARNING] Ping fallido: DC → Inactivo
[2025-11-18 21:48:21] [INFO] Estado de DC cambió de Activo a Inactivo
[2025-11-18 21:48:46] [INFO] Equipos obtenidos desde AD: 2
[2025-11-18 21:48:46] [WARNING] Ping fallido: DC → Inactivo
[2025-11-18 21:49:11] [INFO] Equipos obtenidos desde AD: 2
[2025-11-18 21:49:11] [WARNING] Ping fallido: DC → Inactivo
[2025-11-18 21:49:37] [INFO] Equipos obtenidos desde AD: 2
[2025-11-18 21:49:37] [INFO] Estado de DC cambió de Inactivo a Activo
[2025-11-18 21:50:02] [INFO] Equipos obtenidos desde AD: 2
[2025-11-18 21:50:02] [WARNING] Ping fallido: DC → Inactivo
[2025-11-18 21:50:02] [INFO] Estado de DC cambió de Activo a Inactivo
[2025-11-18 21:50:27] [INFO] Equipos obtenidos desde AD: 2
[2025-11-18 21:50:27] [WARNING] Ping fallido: DC → Inactivo
[2025-11-18 21:50:27] [WARNING] Ping fallido: PCCLIENTE → Inactivo
[2025-11-18 21:50:27] [INFO] Estado de PCCLIENTE cambió de Activo a Inactivo
[2025-11-18 21:50:52] [INFO] Equipos obtenidos desde AD: 2
[2025-11-18 21:50:52] [WARNING] Ping fallido: DC → Inactivo
[2025-11-18 21:50:52] [INFO] Estado de PCCLIENTE cambió de Inactivo a Activo
[2025-11-18 21:51:17] [INFO] Equipos obtenidos desde AD: 2
[2025-11-18 21:51:17] [WARNING] Ping fallido: DC → Inactivo
[2025-11-18 21:51:17] [WARNING] Ping fallido: PCCLIENTE → Inactivo
[2025-11-18 21:51:17] [INFO] Estado de PCCLIENTE cambió de Activo a Inactivo
[2025-11-18 21:51:42] [INFO] Equipos obtenidos desde AD: 2
[2025-11-18 21:51:42] [INFO] Estado de DC cambió de Inactivo a Activo
[2025-11-18 21:51:42] [WARNING] Ping fallido: PCCLIENTE → Inactivo
